<?xml version="1.0" encoding="UTF-8"?>
<!-- Generated by org.testng.reporters.JUnitReportReporter -->
<testsuite hostname="DESKTOP-8SQ2VK3" name="Practice.AppiumFramework.TC04" tests="2" failures="0" timestamp="8 Sep 2020 19:57:56 GMT" time="58.320" errors="0">
  <testcase name="openApp" time="44.513" classname="Practice.AppiumFramework.TC04"/>
  <testcase name="loginApp" time="13.807" classname="Practice.AppiumFramework.TC04"/>
</testsuite> <!-- Practice.AppiumFramework.TC04 -->
