<?xml version="1.0" encoding="UTF-8"?>
<!-- Generated by org.testng.reporters.JUnitReportReporter -->
<testsuite hostname="DESKTOP-8SQ2VK3" name="testcases.SignIn" tests="2" failures="0" timestamp="11 Sep 2020 11:17:37 GMT" time="62.713" errors="0">
  <testcase name="openApp" time="33.593" classname="testcases.SignIn"/>
  <testcase name="loginApp" time="29.120" classname="testcases.SignIn"/>
</testsuite> <!-- testcases.SignIn -->
