<?xml version="1.0" encoding="UTF-8"?>
<!-- Generated by org.testng.reporters.JUnitReportReporter -->
<testsuite hostname="DESKTOP-8SQ2VK3" name="Practice.AppiumFramework.signIn" tests="2" failures="0" timestamp="10 Sep 2020 18:46:23 GMT" time="43.870" errors="0">
  <testcase name="openApp" time="30.310" classname="Practice.AppiumFramework.signIn"/>
  <testcase name="loginApp" time="13.560" classname="Practice.AppiumFramework.signIn"/>
</testsuite> <!-- Practice.AppiumFramework.signIn -->
